<?xml version="1.0" encoding="UTF-8"?>
<!-- Generated by org.testng.reporters.JUnitXMLReporter -->
<testsuite hostname="DESKTOP-7MQHOP7" ignored="0" name="Test" tests="3" failures="0" timestamp="2020-10-06T23:53:55 IST" time="88.381" errors="0">
  <testcase name="forsalehyperlinkvalidaation" time="1.176" classname="com.zoopla.regressiontests.ZooplaForSaleTest"/>
  <testcase name="propertiesforsalesearch" time="12.94" classname="com.zoopla.regressiontests.ZooplaForSaleTest"/>
  <testcase name="ukpropertyforsalepagevalidation" time="6.323" classname="com.zoopla.regressiontests.ZooplaForSaleTest"/>
</testsuite> <!-- Test -->
