<?xml version="1.0" encoding="UTF-8"?>
<testsuite xmlns:xsi="http://www.w3.org/2001/XMLSchema-instance" xsi:schemaLocation="https://maven.apache.org/surefire/maven-surefire-plugin/xsd/surefire-test-report.xsd" name="TestSuite" time="72.907" tests="15" errors="0" skipped="10" failures="5">
  <properties>
[...]
</properties>
  <testcase name="displayemptable" classname="com.zoopla.regressiontests.DBvalidationTest" time="0.259">
    <failure message="com/microsoft/sqlserver/jdbc/SQLServerDriver has been compiled by a more recent version of the Java Runtime (class file version 58.0), this version of the Java Runtime only recognizes class file versions up to 52.0" type="java.lang.UnsupportedClassVersionError">java.lang.UnsupportedClassVersionError: com/microsoft/sqlserver/jdbc/SQLServerDriver has been compiled by a more recent version of the Java Runtime (class file version 58.0), this version of the Java Runtime only recognizes class file versions up to 52.0
	at com.zoopla.regressiontests.DBvalidationTest.displayemptable(DBvalidationTest.java:17)
</failure>
    <system-err><![CDATA[SLF4J: Failed to load class "org.slf4j.impl.StaticLoggerBinder".
SLF4J: Defaulting to no-operation (NOP) logger implementation
SLF4J: See http://www.slf4j.org/codes.html#StaticLoggerBinder for further details.
]]></system-err>
  </testcase>
  <testcase name="forsalehyperlinkvalidaation" classname="com.zoopla.regressiontests.ZooplaForSaleTest" time="0.007">
    <failure type="java.lang.NullPointerException">java.lang.NullPointerException
	at com.zoopla.regressiontests.ZooplaForSaleTest.forsalehyperlinkvalidaation(ZooplaForSaleTest.java:17)
</failure>
    <system-err><![CDATA[Starting ChromeDriver 85.0.4183.87 (cd6713ebf92fa1cacc0f1a598df280093af0c5d7-refs/branch-heads/4183@{#1689}) on port 22354
Only local connections are allowed.
Please see https://chromedriver.chromium.org/security-considerations for suggestions on keeping ChromeDriver safe.
ChromeDriver was started successfully.
Oct 06, 2020 4:11:31 PM org.openqa.selenium.remote.ProtocolHandshake createSession
INFO: Detected dialect: W3C
]]></system-err>
  </testcase>
  <testcase name="teardown" classname="com.zoopla.regressiontests.ZooplaForSaleTest" time="0.101">
    <failure type="java.lang.NullPointerException">java.lang.NullPointerException
</failure>
  </testcase>
  <testcase name="teardown" classname="com.zoopla.regressiontests.ZooplaForSaleTest" time="0">
    <skipped/>
  </testcase>
  <testcase name="teardown" classname="com.zoopla.regressiontests.ZooplaForSaleTest" time="0">
    <skipped/>
  </testcase>
  <testcase name="setup" classname="com.zoopla.regressiontests.ZooplaForSaleTest" time="0">
    <skipped/>
  </testcase>
  <testcase name="setup" classname="com.zoopla.regressiontests.ZooplaForSaleTest" time="0">
    <skipped/>
  </testcase>
  <testcase name="propertiesforsalesearch" classname="com.zoopla.regressiontests.ZooplaForSaleTest" time="0">
    <skipped/>
  </testcase>
  <testcase name="ukpropertyforsalepagevalidation" classname="com.zoopla.regressiontests.ZooplaForSaleTest" time="0">
    <skipped/>
  </testcase>
  <testcase name="validatenewhomesforsalepageadvancefilters" classname="com.zoopla.regressiontests.ZooplanewhomeforsaleTest" time="0">
    <failure type="java.lang.NullPointerException">java.lang.NullPointerException
	at com.zoopla.regressiontests.ZooplanewhomeforsaleTest.validatenewhomesforsalepageadvancefilters(ZooplanewhomeforsaleTest.java:26)
</failure>
    <system-err><![CDATA[Starting ChromeDriver 85.0.4183.87 (cd6713ebf92fa1cacc0f1a598df280093af0c5d7-refs/branch-heads/4183@{#1689}) on port 7717
Only local connections are allowed.
Please see https://chromedriver.chromium.org/security-considerations for suggestions on keeping ChromeDriver safe.
ChromeDriver was started successfully.
Oct 06, 2020 4:12:13 PM org.openqa.selenium.remote.ProtocolHandshake createSession
INFO: Detected dialect: W3C
]]></system-err>
  </testcase>
  <testcase name="teardown" classname="com.zoopla.regressiontests.ZooplanewhomeforsaleTest" time="0.009">
    <failure type="java.lang.NullPointerException">java.lang.NullPointerException
</failure>
  </testcase>
  <testcase name="teardown" classname="com.zoopla.regressiontests.ZooplanewhomeforsaleTest" time="0">
    <skipped/>
  </testcase>
  <testcase name="setup" classname="com.zoopla.regressiontests.ZooplanewhomeforsaleTest" time="0">
    <skipped/>
  </testcase>
  <testcase name="validatenewhomesforsalepagetitle" classname="com.zoopla.regressiontests.ZooplanewhomeforsaleTest" time="0">
    <skipped/>
  </testcase>
  <testcase name="endreport" classname="com.zoopla.regressiontests.BaseTest" time="0">
    <skipped/>
  </testcase>
</testsuite>