<?xml version="1.0" encoding="UTF-8"?>
<testng-results skipped="0" failed="0" ignored="0" total="1" passed="1">
  <reporter-output>
  </reporter-output>
  <suite name="Default suite" duration-ms="681" started-at="2020-11-28T00:06:06 IST" finished-at="2020-11-28T00:06:07 IST">
    <groups>
    </groups>
    <test name="Default test" duration-ms="681" started-at="2020-11-28T00:06:06 IST" finished-at="2020-11-28T00:06:07 IST">
      <class name="com.zoopla.regressiontests.Testclass">
        <test-method status="PASS" signature="show()[pri:0, instance:com.zoopla.regressiontests.Testclass@163e4e87]" name="show" duration-ms="185" started-at="2020-11-28T00:06:06 IST" finished-at="2020-11-28T00:06:06 IST">
          <reporter-output>
          </reporter-output>
        </test-method> <!-- show -->
      </class> <!-- com.zoopla.regressiontests.Testclass -->
    </test> <!-- Default test -->
  </suite> <!-- Default suite -->
</testng-results>
